{"C:\\Users\\marco\\dev\\eva-metering\\src\\types.ts": {"path":"C:\\Users\\marco\\dev\\eva-metering\\src\\types.ts","all":true,"statementMap":{},"s":{},"branchMap":{"0":{"type":"branch","line":1,"loc":{"start":{"line":1,"column":563},"end":{"line":15,"column":2}},"locations":[{"start":{"line":1,"column":563},"end":{"line":15,"column":2}}]}},"b":{"0":[1]},"fnMap":{"0":{"name":"(empty-report)","decl":{"start":{"line":1,"column":563},"end":{"line":15,"column":2}},"loc":{"start":{"line":1,"column":563},"end":{"line":15,"column":2}},"line":1}},"f":{"0":1}}
,"C:\\Users\\marco\\dev\\eva-metering\\src\\budget\\rollingWindow.ts": {"path":"C:\\Users\\marco\\dev\\eva-metering\\src\\budget\\rollingWindow.ts","all":false,"statementMap":{"2":{"start":{"line":3,"column":0},"end":{"line":3,"column":33}},"3":{"start":{"line":4,"column":0},"end":{"line":4,"column":45}},"4":{"start":{"line":5,"column":0},"end":{"line":5,"column":30}},"6":{"start":{"line":7,"column":0},"end":{"line":7,"column":57}},"7":{"start":{"line":8,"column":0},"end":{"line":8,"column":87}},"8":{"start":{"line":9,"column":0},"end":{"line":9,"column":48}},"9":{"start":{"line":10,"column":0},"end":{"line":10,"column":3}},"11":{"start":{"line":12,"column":0},"end":{"line":12,"column":29}},"12":{"start":{"line":13,"column":0},"end":{"line":13,"column":29}},"13":{"start":{"line":14,"column":0},"end":{"line":14,"column":42}},"14":{"start":{"line":15,"column":0},"end":{"line":15,"column":41}},"16":{"start":{"line":17,"column":0},"end":{"line":17,"column":46}},"17":{"start":{"line":18,"column":0},"end":{"line":18,"column":41}},"18":{"start":{"line":19,"column":0},"end":{"line":19,"column":31}},"19":{"start":{"line":20,"column":0},"end":{"line":20,"column":19}},"20":{"start":{"line":21,"column":0},"end":{"line":21,"column":5}},"21":{"start":{"line":22,"column":0},"end":{"line":22,"column":19}},"22":{"start":{"line":23,"column":0},"end":{"line":23,"column":29}},"23":{"start":{"line":24,"column":0},"end":{"line":24,"column":16}},"24":{"start":{"line":25,"column":0},"end":{"line":25,"column":3}},"26":{"start":{"line":27,"column":0},"end":{"line":27,"column":30}},"27":{"start":{"line":28,"column":0},"end":{"line":28,"column":29}},"28":{"start":{"line":29,"column":0},"end":{"line":29,"column":42}},"29":{"start":{"line":30,"column":0},"end":{"line":30,"column":41}},"30":{"start":{"line":31,"column":0},"end":{"line":31,"column":46}},"31":{"start":{"line":32,"column":0},"end":{"line":32,"column":29}},"32":{"start":{"line":33,"column":0},"end":{"line":33,"column":23}},"33":{"start":{"line":34,"column":0},"end":{"line":34,"column":3}},"34":{"start":{"line":35,"column":0},"end":{"line":35,"column":1}}},"s":{"2":1,"3":1,"4":1,"6":1,"7":3,"8":1,"9":3,"11":1,"12":4,"13":4,"14":4,"16":4,"17":4,"18":1,"19":1,"20":1,"21":3,"22":3,"23":3,"24":4,"26":1,"27":1,"28":1,"29":1,"30":1,"31":1,"32":1,"33":1,"34":1},"branchMap":{"0":{"type":"branch","line":7,"loc":{"start":{"line":7,"column":2},"end":{"line":10,"column":3}},"locations":[{"start":{"line":7,"column":2},"end":{"line":10,"column":3}}]},"1":{"type":"branch","line":8,"loc":{"start":{"line":8,"column":25},"end":{"line":8,"column":46}},"locations":[{"start":{"line":8,"column":25},"end":{"line":8,"column":46}}]},"2":{"type":"branch","line":8,"loc":{"start":{"line":8,"column":46},"end":{"line":8,"column":87}},"locations":[{"start":{"line":8,"column":46},"end":{"line":8,"column":87}}]},"3":{"type":"branch","line":8,"loc":{"start":{"line":8,"column":85},"end":{"line":9,"column":48}},"locations":[{"start":{"line":8,"column":85},"end":{"line":9,"column":48}}]},"4":{"type":"branch","line":9,"loc":{"start":{"line":9,"column":22},"end":{"line":9,"column":48}},"locations":[{"start":{"line":9,"column":22},"end":{"line":9,"column":48}}]},"5":{"type":"branch","line":12,"loc":{"start":{"line":12,"column":2},"end":{"line":25,"column":3}},"locations":[{"start":{"line":12,"column":2},"end":{"line":25,"column":3}}]},"6":{"type":"branch","line":15,"loc":{"start":{"line":15,"column":33},"end":{"line":15,"column":41}},"locations":[{"start":{"line":15,"column":33},"end":{"line":15,"column":41}}]},"7":{"type":"branch","line":18,"loc":{"start":{"line":18,"column":40},"end":{"line":21,"column":5}},"locations":[{"start":{"line":18,"column":40},"end":{"line":21,"column":5}}]},"8":{"type":"branch","line":21,"loc":{"start":{"line":21,"column":4},"end":{"line":24,"column":16}},"locations":[{"start":{"line":21,"column":4},"end":{"line":24,"column":16}}]},"9":{"type":"branch","line":17,"loc":{"start":{"line":17,"column":28},"end":{"line":17,"column":44}},"locations":[{"start":{"line":17,"column":28},"end":{"line":17,"column":44}}]},"10":{"type":"branch","line":27,"loc":{"start":{"line":27,"column":2},"end":{"line":34,"column":3}},"locations":[{"start":{"line":27,"column":2},"end":{"line":34,"column":3}}]},"11":{"type":"branch","line":30,"loc":{"start":{"line":30,"column":33},"end":{"line":30,"column":41}},"locations":[{"start":{"line":30,"column":33},"end":{"line":30,"column":41}}]},"12":{"type":"branch","line":31,"loc":{"start":{"line":31,"column":28},"end":{"line":31,"column":44}},"locations":[{"start":{"line":31,"column":28},"end":{"line":31,"column":44}}]}},"b":{"0":[3],"1":[2],"2":[2],"3":[1],"4":[0],"5":[4],"6":[1],"7":[1],"8":[3],"9":[5],"10":[1],"11":[0],"12":[1]},"fnMap":{"0":{"name":"RollingWindowQuota","decl":{"start":{"line":7,"column":2},"end":{"line":10,"column":3}},"loc":{"start":{"line":7,"column":2},"end":{"line":10,"column":3}},"line":7},"1":{"name":"hit","decl":{"start":{"line":12,"column":2},"end":{"line":25,"column":3}},"loc":{"start":{"line":12,"column":2},"end":{"line":25,"column":3}},"line":12},"2":{"name":"count","decl":{"start":{"line":27,"column":2},"end":{"line":34,"column":3}},"loc":{"start":{"line":27,"column":2},"end":{"line":34,"column":3}},"line":27}},"f":{"0":3,"1":4,"2":1}}
,"C:\\Users\\marco\\dev\\eva-metering\\src\\budget\\tokenBucket.ts": {"path":"C:\\Users\\marco\\dev\\eva-metering\\src\\budget\\tokenBucket.ts","all":false,"statementMap":{"2":{"start":{"line":3,"column":0},"end":{"line":3,"column":26}},"3":{"start":{"line":4,"column":0},"end":{"line":4,"column":25}},"4":{"start":{"line":5,"column":0},"end":{"line":5,"column":23}},"5":{"start":{"line":6,"column":0},"end":{"line":6,"column":39}},"7":{"start":{"line":8,"column":0},"end":{"line":8,"column":55}},"8":{"start":{"line":9,"column":0},"end":{"line":9,"column":95}},"9":{"start":{"line":10,"column":0},"end":{"line":10,"column":32}},"10":{"start":{"line":11,"column":0},"end":{"line":11,"column":55}},"11":{"start":{"line":12,"column":0},"end":{"line":12,"column":29}},"12":{"start":{"line":13,"column":0},"end":{"line":13,"column":3}},"14":{"start":{"line":15,"column":0},"end":{"line":15,"column":25}},"15":{"start":{"line":16,"column":0},"end":{"line":16,"column":23}},"16":{"start":{"line":17,"column":0},"end":{"line":17,"column":18}},"17":{"start":{"line":18,"column":0},"end":{"line":18,"column":27}},"18":{"start":{"line":19,"column":0},"end":{"line":19,"column":23}},"19":{"start":{"line":20,"column":0},"end":{"line":20,"column":12}},"20":{"start":{"line":21,"column":0},"end":{"line":21,"column":38}},"21":{"start":{"line":22,"column":0},"end":{"line":22,"column":5}},"22":{"start":{"line":23,"column":0},"end":{"line":23,"column":3}},"24":{"start":{"line":25,"column":0},"end":{"line":25,"column":31}},"25":{"start":{"line":26,"column":0},"end":{"line":26,"column":28}},"26":{"start":{"line":27,"column":0},"end":{"line":27,"column":18}},"27":{"start":{"line":28,"column":0},"end":{"line":28,"column":27}},"28":{"start":{"line":29,"column":0},"end":{"line":29,"column":23}},"29":{"start":{"line":30,"column":0},"end":{"line":30,"column":18}},"30":{"start":{"line":31,"column":0},"end":{"line":31,"column":5}},"31":{"start":{"line":32,"column":0},"end":{"line":32,"column":17}},"32":{"start":{"line":33,"column":0},"end":{"line":33,"column":3}},"34":{"start":{"line":35,"column":0},"end":{"line":35,"column":23}},"35":{"start":{"line":36,"column":0},"end":{"line":36,"column":18}},"36":{"start":{"line":37,"column":0},"end":{"line":37,"column":48}},"37":{"start":{"line":38,"column":0},"end":{"line":38,"column":3}},"39":{"start":{"line":40,"column":0},"end":{"line":40,"column":20}},"40":{"start":{"line":41,"column":0},"end":{"line":41,"column":29}},"41":{"start":{"line":42,"column":0},"end":{"line":42,"column":47}},"42":{"start":{"line":43,"column":0},"end":{"line":43,"column":93}},"43":{"start":{"line":44,"column":0},"end":{"line":44,"column":20}},"44":{"start":{"line":45,"column":0},"end":{"line":45,"column":3}},"45":{"start":{"line":46,"column":0},"end":{"line":46,"column":1}}},"s":{"2":1,"3":1,"4":1,"5":1,"7":1,"8":4,"9":2,"10":4,"11":4,"12":4,"14":1,"15":2,"16":1,"17":1,"18":1,"19":1,"20":0,"21":0,"22":2,"24":1,"25":3,"26":2,"27":2,"28":1,"29":1,"30":1,"31":1,"32":3,"34":1,"35":3,"36":3,"37":3,"39":1,"40":6,"41":6,"42":6,"43":6,"44":6,"45":1},"branchMap":{"0":{"type":"branch","line":8,"loc":{"start":{"line":8,"column":2},"end":{"line":13,"column":3}},"locations":[{"start":{"line":8,"column":2},"end":{"line":13,"column":3}}]},"1":{"type":"branch","line":9,"loc":{"start":{"line":9,"column":25},"end":{"line":9,"column":53}},"locations":[{"start":{"line":9,"column":25},"end":{"line":9,"column":53}}]},"2":{"type":"branch","line":9,"loc":{"start":{"line":9,"column":53},"end":{"line":11,"column":30}},"locations":[{"start":{"line":9,"column":53},"end":{"line":11,"column":30}}]},"3":{"type":"branch","line":11,"loc":{"start":{"line":11,"column":22},"end":{"line":11,"column":55}},"locations":[{"start":{"line":11,"column":22},"end":{"line":11,"column":55}}]},"4":{"type":"branch","line":15,"loc":{"start":{"line":15,"column":2},"end":{"line":23,"column":3}},"locations":[{"start":{"line":15,"column":2},"end":{"line":23,"column":3}}]},"5":{"type":"branch","line":16,"loc":{"start":{"line":16,"column":16},"end":{"line":22,"column":5}},"locations":[{"start":{"line":16,"column":16},"end":{"line":22,"column":5}}]},"6":{"type":"branch","line":20,"loc":{"start":{"line":20,"column":4},"end":{"line":22,"column":5}},"locations":[{"start":{"line":20,"column":4},"end":{"line":22,"column":5}}]},"7":{"type":"branch","line":25,"loc":{"start":{"line":25,"column":2},"end":{"line":33,"column":3}},"locations":[{"start":{"line":25,"column":2},"end":{"line":33,"column":3}}]},"8":{"type":"branch","line":26,"loc":{"start":{"line":26,"column":16},"end":{"line":26,"column":28}},"locations":[{"start":{"line":26,"column":16},"end":{"line":26,"column":28}}]},"9":{"type":"branch","line":26,"loc":{"start":{"line":26,"column":23},"end":{"line":32,"column":17}},"locations":[{"start":{"line":26,"column":23},"end":{"line":32,"column":17}}]},"10":{"type":"branch","line":28,"loc":{"start":{"line":28,"column":26},"end":{"line":32,"column":17}},"locations":[{"start":{"line":28,"column":26},"end":{"line":32,"column":17}}]},"11":{"type":"branch","line":35,"loc":{"start":{"line":35,"column":2},"end":{"line":38,"column":3}},"locations":[{"start":{"line":35,"column":2},"end":{"line":38,"column":3}}]},"12":{"type":"branch","line":40,"loc":{"start":{"line":40,"column":10},"end":{"line":45,"column":3}},"locations":[{"start":{"line":40,"column":10},"end":{"line":45,"column":3}}]}},"b":{"0":[4],"1":[3],"2":[2],"3":[0],"4":[2],"5":[1],"6":[0],"7":[3],"8":[1],"9":[2],"10":[1],"11":[3],"12":[6]},"fnMap":{"0":{"name":"TokenBucket","decl":{"start":{"line":8,"column":2},"end":{"line":13,"column":3}},"loc":{"start":{"line":8,"column":2},"end":{"line":13,"column":3}},"line":8},"1":{"name":"take","decl":{"start":{"line":15,"column":2},"end":{"line":23,"column":3}},"loc":{"start":{"line":15,"column":2},"end":{"line":23,"column":3}},"line":15},"2":{"name":"tryTake","decl":{"start":{"line":25,"column":2},"end":{"line":33,"column":3}},"loc":{"start":{"line":25,"column":2},"end":{"line":33,"column":3}},"line":25},"3":{"name":"remaining","decl":{"start":{"line":35,"column":2},"end":{"line":38,"column":3}},"loc":{"start":{"line":35,"column":2},"end":{"line":38,"column":3}},"line":35},"4":{"name":"refill","decl":{"start":{"line":40,"column":10},"end":{"line":45,"column":3}},"loc":{"start":{"line":40,"column":10},"end":{"line":45,"column":3}},"line":40}},"f":{"0":4,"1":2,"2":3,"3":3,"4":6}}
,"C:\\Users\\marco\\dev\\eva-metering\\src\\core\\metric.ts": {"path":"C:\\Users\\marco\\dev\\eva-metering\\src\\core\\metric.ts","all":false,"statementMap":{"2":{"start":{"line":3,"column":0},"end":{"line":3,"column":22}},"3":{"start":{"line":4,"column":0},"end":{"line":4,"column":121}},"4":{"start":{"line":5,"column":0},"end":{"line":5,"column":45}},"5":{"start":{"line":6,"column":0},"end":{"line":6,"column":53}},"6":{"start":{"line":7,"column":0},"end":{"line":7,"column":73}},"7":{"start":{"line":8,"column":0},"end":{"line":8,"column":30}},"8":{"start":{"line":9,"column":0},"end":{"line":9,"column":3}},"9":{"start":{"line":10,"column":0},"end":{"line":10,"column":35}},"10":{"start":{"line":11,"column":0},"end":{"line":11,"column":64}},"11":{"start":{"line":12,"column":0},"end":{"line":12,"column":31}},"12":{"start":{"line":13,"column":0},"end":{"line":13,"column":54}},"13":{"start":{"line":14,"column":0},"end":{"line":14,"column":3}},"14":{"start":{"line":15,"column":0},"end":{"line":15,"column":14}},"15":{"start":{"line":16,"column":0},"end":{"line":16,"column":85}},"16":{"start":{"line":17,"column":0},"end":{"line":17,"column":43}},"17":{"start":{"line":18,"column":0},"end":{"line":18,"column":54}},"18":{"start":{"line":19,"column":0},"end":{"line":19,"column":68}},"19":{"start":{"line":20,"column":0},"end":{"line":20,"column":5}},"20":{"start":{"line":21,"column":0},"end":{"line":21,"column":15}},"21":{"start":{"line":22,"column":0},"end":{"line":22,"column":3}},"22":{"start":{"line":23,"column":0},"end":{"line":23,"column":34}},"23":{"start":{"line":24,"column":0},"end":{"line":24,"column":1}},"25":{"start":{"line":26,"column":0},"end":{"line":26,"column":20}},"26":{"start":{"line":27,"column":0},"end":{"line":27,"column":121}},"27":{"start":{"line":28,"column":0},"end":{"line":28,"column":45}},"28":{"start":{"line":29,"column":0},"end":{"line":29,"column":53}},"29":{"start":{"line":30,"column":0},"end":{"line":30,"column":73}},"30":{"start":{"line":31,"column":0},"end":{"line":31,"column":30}},"31":{"start":{"line":32,"column":0},"end":{"line":32,"column":3}},"32":{"start":{"line":33,"column":0},"end":{"line":33,"column":39}},"33":{"start":{"line":34,"column":0},"end":{"line":34,"column":31}},"34":{"start":{"line":35,"column":0},"end":{"line":35,"column":26}},"35":{"start":{"line":36,"column":0},"end":{"line":36,"column":3}},"36":{"start":{"line":37,"column":0},"end":{"line":37,"column":39}},"37":{"start":{"line":38,"column":0},"end":{"line":38,"column":31}},"38":{"start":{"line":39,"column":0},"end":{"line":39,"column":54}},"39":{"start":{"line":40,"column":0},"end":{"line":40,"column":3}},"40":{"start":{"line":41,"column":0},"end":{"line":41,"column":14}},"41":{"start":{"line":42,"column":0},"end":{"line":42,"column":85}},"42":{"start":{"line":43,"column":0},"end":{"line":43,"column":43}},"43":{"start":{"line":44,"column":0},"end":{"line":44,"column":54}},"44":{"start":{"line":45,"column":0},"end":{"line":45,"column":68}},"45":{"start":{"line":46,"column":0},"end":{"line":46,"column":5}},"46":{"start":{"line":47,"column":0},"end":{"line":47,"column":15}},"47":{"start":{"line":48,"column":0},"end":{"line":48,"column":3}},"48":{"start":{"line":49,"column":0},"end":{"line":49,"column":34}},"49":{"start":{"line":50,"column":0},"end":{"line":50,"column":1}},"51":{"start":{"line":52,"column":0},"end":{"line":52,"column":24}},"52":{"start":{"line":53,"column":0},"end":{"line":53,"column":61}},"53":{"start":{"line":54,"column":0},"end":{"line":54,"column":14}},"54":{"start":{"line":55,"column":0},"end":{"line":55,"column":33}},"55":{"start":{"line":56,"column":0},"end":{"line":56,"column":45}},"56":{"start":{"line":57,"column":0},"end":{"line":57,"column":89}},"57":{"start":{"line":58,"column":0},"end":{"line":58,"column":46}},"58":{"start":{"line":59,"column":0},"end":{"line":59,"column":5}},"59":{"start":{"line":60,"column":0},"end":{"line":60,"column":52}},"60":{"start":{"line":61,"column":0},"end":{"line":61,"column":3}},"61":{"start":{"line":62,"column":0},"end":{"line":62,"column":87}},"62":{"start":{"line":63,"column":0},"end":{"line":63,"column":53}},"63":{"start":{"line":64,"column":0},"end":{"line":64,"column":73}},"64":{"start":{"line":65,"column":0},"end":{"line":65,"column":30}},"65":{"start":{"line":66,"column":0},"end":{"line":66,"column":3}},"66":{"start":{"line":67,"column":0},"end":{"line":67,"column":43}},"67":{"start":{"line":68,"column":0},"end":{"line":68,"column":31}},"68":{"start":{"line":69,"column":0},"end":{"line":69,"column":107}},"69":{"start":{"line":70,"column":0},"end":{"line":70,"column":33}},"70":{"start":{"line":71,"column":0},"end":{"line":71,"column":51}},"71":{"start":{"line":72,"column":0},"end":{"line":72,"column":51}},"72":{"start":{"line":73,"column":0},"end":{"line":73,"column":5}},"73":{"start":{"line":74,"column":0},"end":{"line":74,"column":28}},"74":{"start":{"line":75,"column":0},"end":{"line":75,"column":3}},"75":{"start":{"line":76,"column":0},"end":{"line":76,"column":14}},"76":{"start":{"line":77,"column":0},"end":{"line":77,"column":128}},"77":{"start":{"line":78,"column":0},"end":{"line":78,"column":41}},"78":{"start":{"line":79,"column":0},"end":{"line":79,"column":54}},"79":{"start":{"line":80,"column":0},"end":{"line":80,"column":82}},"80":{"start":{"line":81,"column":0},"end":{"line":81,"column":104}},"81":{"start":{"line":82,"column":0},"end":{"line":82,"column":5}},"82":{"start":{"line":83,"column":0},"end":{"line":83,"column":17}},"83":{"start":{"line":84,"column":0},"end":{"line":84,"column":3}},"84":{"start":{"line":85,"column":0},"end":{"line":85,"column":34}},"85":{"start":{"line":86,"column":0},"end":{"line":86,"column":1}},"87":{"start":{"line":88,"column":0},"end":{"line":88,"column":20}},"88":{"start":{"line":89,"column":0},"end":{"line":89,"column":52}},"89":{"start":{"line":90,"column":0},"end":{"line":90,"column":11}},"90":{"start":{"line":91,"column":0},"end":{"line":91,"column":29}},"91":{"start":{"line":92,"column":0},"end":{"line":92,"column":33}},"92":{"start":{"line":93,"column":0},"end":{"line":93,"column":29}},"93":{"start":{"line":94,"column":0},"end":{"line":94,"column":45}},"94":{"start":{"line":95,"column":0},"end":{"line":95,"column":6}},"95":{"start":{"line":96,"column":0},"end":{"line":96,"column":3}},"96":{"start":{"line":97,"column":0},"end":{"line":97,"column":1}},"98":{"start":{"line":99,"column":0},"end":{"line":99,"column":60}},"99":{"start":{"line":100,"column":0},"end":{"line":100,"column":45}},"100":{"start":{"line":101,"column":0},"end":{"line":101,"column":25}},"101":{"start":{"line":102,"column":0},"end":{"line":102,"column":26}},"102":{"start":{"line":103,"column":0},"end":{"line":103,"column":58}},"103":{"start":{"line":104,"column":0},"end":{"line":104,"column":21}},"104":{"start":{"line":105,"column":0},"end":{"line":105,"column":5}},"105":{"start":{"line":106,"column":0},"end":{"line":106,"column":13}},"106":{"start":{"line":107,"column":0},"end":{"line":107,"column":1}}},"s":{"2":1,"3":1,"4":1,"5":1,"6":9,"7":9,"8":9,"9":1,"10":10,"11":9,"12":10,"13":10,"14":1,"15":8,"16":8,"17":8,"18":8,"19":8,"20":8,"21":8,"22":1,"23":1,"25":1,"26":1,"27":1,"28":1,"29":5,"30":5,"31":5,"32":1,"33":4,"34":4,"35":4,"36":1,"37":1,"38":1,"39":1,"40":1,"41":5,"42":5,"43":4,"44":4,"45":4,"46":5,"47":5,"48":1,"49":1,"51":1,"52":1,"53":1,"54":7,"55":7,"56":7,"57":7,"58":7,"59":7,"60":7,"61":7,"62":1,"63":9,"64":9,"65":9,"66":1,"67":9,"68":9,"69":9,"70":9,"71":57,"72":57,"73":9,"74":9,"75":1,"76":8,"77":8,"78":7,"79":7,"80":7,"81":7,"82":8,"83":8,"84":1,"85":1,"87":1,"88":1,"89":1,"90":4,"91":4,"92":4,"93":4,"94":4,"95":4,"96":1,"98":19,"99":19,"100":19,"101":19,"102":26,"103":26,"104":19,"105":19,"106":19},"branchMap":{"0":{"type":"branch","line":4,"loc":{"start":{"line":4,"column":2},"end":{"line":4,"column":121}},"locations":[{"start":{"line":4,"column":2},"end":{"line":4,"column":121}}]},"1":{"type":"branch","line":5,"loc":{"start":{"line":5,"column":10},"end":{"line":5,"column":45}},"locations":[{"start":{"line":5,"column":10},"end":{"line":5,"column":45}}]},"2":{"type":"branch","line":6,"loc":{"start":{"line":6,"column":10},"end":{"line":9,"column":3}},"locations":[{"start":{"line":6,"column":10},"end":{"line":9,"column":3}}]},"3":{"type":"branch","line":7,"loc":{"start":{"line":7,"column":38},"end":{"line":7,"column":71}},"locations":[{"start":{"line":7,"column":38},"end":{"line":7,"column":71}}]},"4":{"type":"branch","line":7,"loc":{"start":{"line":7,"column":62},"end":{"line":7,"column":69}},"locations":[{"start":{"line":7,"column":62},"end":{"line":7,"column":69}}]},"5":{"type":"branch","line":10,"loc":{"start":{"line":10,"column":2},"end":{"line":14,"column":3}},"locations":[{"start":{"line":10,"column":2},"end":{"line":14,"column":3}}]},"6":{"type":"branch","line":11,"loc":{"start":{"line":11,"column":15},"end":{"line":11,"column":64}},"locations":[{"start":{"line":11,"column":15},"end":{"line":11,"column":64}}]},"7":{"type":"branch","line":11,"loc":{"start":{"line":11,"column":62},"end":{"line":13,"column":46}},"locations":[{"start":{"line":11,"column":62},"end":{"line":13,"column":46}}]},"8":{"type":"branch","line":13,"loc":{"start":{"line":13,"column":41},"end":{"line":13,"column":51}},"locations":[{"start":{"line":13,"column":41},"end":{"line":13,"column":51}}]},"9":{"type":"branch","line":15,"loc":{"start":{"line":15,"column":2},"end":{"line":22,"column":3}},"locations":[{"start":{"line":15,"column":2},"end":{"line":22,"column":3}}]},"10":{"type":"branch","line":23,"loc":{"start":{"line":23,"column":2},"end":{"line":23,"column":34}},"locations":[{"start":{"line":23,"column":2},"end":{"line":23,"column":34}}]},"11":{"type":"branch","line":27,"loc":{"start":{"line":27,"column":2},"end":{"line":27,"column":121}},"locations":[{"start":{"line":27,"column":2},"end":{"line":27,"column":121}}]},"12":{"type":"branch","line":28,"loc":{"start":{"line":28,"column":10},"end":{"line":28,"column":45}},"locations":[{"start":{"line":28,"column":10},"end":{"line":28,"column":45}}]},"13":{"type":"branch","line":29,"loc":{"start":{"line":29,"column":10},"end":{"line":32,"column":3}},"locations":[{"start":{"line":29,"column":10},"end":{"line":32,"column":3}}]},"14":{"type":"branch","line":30,"loc":{"start":{"line":30,"column":38},"end":{"line":30,"column":71}},"locations":[{"start":{"line":30,"column":38},"end":{"line":30,"column":71}}]},"15":{"type":"branch","line":30,"loc":{"start":{"line":30,"column":62},"end":{"line":30,"column":69}},"locations":[{"start":{"line":30,"column":62},"end":{"line":30,"column":69}}]},"16":{"type":"branch","line":33,"loc":{"start":{"line":33,"column":2},"end":{"line":36,"column":3}},"locations":[{"start":{"line":33,"column":2},"end":{"line":36,"column":3}}]},"17":{"type":"branch","line":37,"loc":{"start":{"line":37,"column":2},"end":{"line":40,"column":3}},"locations":[{"start":{"line":37,"column":2},"end":{"line":40,"column":3}}]},"18":{"type":"branch","line":39,"loc":{"start":{"line":39,"column":41},"end":{"line":39,"column":51}},"locations":[{"start":{"line":39,"column":41},"end":{"line":39,"column":51}}]},"19":{"type":"branch","line":41,"loc":{"start":{"line":41,"column":2},"end":{"line":48,"column":3}},"locations":[{"start":{"line":41,"column":2},"end":{"line":48,"column":3}}]},"20":{"type":"branch","line":43,"loc":{"start":{"line":43,"column":42},"end":{"line":46,"column":5}},"locations":[{"start":{"line":43,"column":42},"end":{"line":46,"column":5}}]},"21":{"type":"branch","line":49,"loc":{"start":{"line":49,"column":2},"end":{"line":49,"column":34}},"locations":[{"start":{"line":49,"column":2},"end":{"line":49,"column":34}}]},"22":{"type":"branch","line":54,"loc":{"start":{"line":54,"column":2},"end":{"line":61,"column":3}},"locations":[{"start":{"line":54,"column":2},"end":{"line":61,"column":3}}]},"23":{"type":"branch","line":61,"loc":{"start":{"line":61,"column":2},"end":{"line":62,"column":87}},"locations":[{"start":{"line":61,"column":2},"end":{"line":62,"column":87}}]},"24":{"type":"branch","line":63,"loc":{"start":{"line":63,"column":10},"end":{"line":66,"column":3}},"locations":[{"start":{"line":63,"column":10},"end":{"line":66,"column":3}}]},"25":{"type":"branch","line":64,"loc":{"start":{"line":64,"column":38},"end":{"line":64,"column":71}},"locations":[{"start":{"line":64,"column":38},"end":{"line":64,"column":71}}]},"26":{"type":"branch","line":64,"loc":{"start":{"line":64,"column":62},"end":{"line":64,"column":69}},"locations":[{"start":{"line":64,"column":62},"end":{"line":64,"column":69}}]},"27":{"type":"branch","line":67,"loc":{"start":{"line":67,"column":2},"end":{"line":75,"column":3}},"locations":[{"start":{"line":67,"column":2},"end":{"line":75,"column":3}}]},"28":{"type":"branch","line":69,"loc":{"start":{"line":69,"column":33},"end":{"line":69,"column":107}},"locations":[{"start":{"line":69,"column":33},"end":{"line":69,"column":107}}]},"29":{"type":"branch","line":71,"loc":{"start":{"line":71,"column":50},"end":{"line":73,"column":5}},"locations":[{"start":{"line":71,"column":50},"end":{"line":73,"column":5}}]},"30":{"type":"branch","line":72,"loc":{"start":{"line":72,"column":32},"end":{"line":72,"column":51}},"locations":[{"start":{"line":72,"column":32},"end":{"line":72,"column":51}}]},"31":{"type":"branch","line":76,"loc":{"start":{"line":76,"column":2},"end":{"line":84,"column":3}},"locations":[{"start":{"line":76,"column":2},"end":{"line":84,"column":3}}]},"32":{"type":"branch","line":78,"loc":{"start":{"line":78,"column":40},"end":{"line":82,"column":5}},"locations":[{"start":{"line":78,"column":40},"end":{"line":82,"column":5}}]},"33":{"type":"branch","line":80,"loc":{"start":{"line":80,"column":39},"end":{"line":80,"column":80}},"locations":[{"start":{"line":80,"column":39},"end":{"line":80,"column":80}}]},"34":{"type":"branch","line":85,"loc":{"start":{"line":85,"column":2},"end":{"line":85,"column":34}},"locations":[{"start":{"line":85,"column":2},"end":{"line":85,"column":34}}]},"35":{"type":"branch","line":89,"loc":{"start":{"line":89,"column":2},"end":{"line":89,"column":52}},"locations":[{"start":{"line":89,"column":2},"end":{"line":89,"column":52}}]},"36":{"type":"branch","line":90,"loc":{"start":{"line":90,"column":2},"end":{"line":96,"column":3}},"locations":[{"start":{"line":90,"column":2},"end":{"line":96,"column":3}}]},"37":{"type":"branch","line":92,"loc":{"start":{"line":92,"column":11},"end":{"line":95,"column":6}},"locations":[{"start":{"line":92,"column":11},"end":{"line":95,"column":6}}]},"38":{"type":"branch","line":99,"loc":{"start":{"line":99,"column":0},"end":{"line":107,"column":1}},"locations":[{"start":{"line":99,"column":0},"end":{"line":107,"column":1}}]},"39":{"type":"branch","line":100,"loc":{"start":{"line":100,"column":16},"end":{"line":100,"column":42}},"locations":[{"start":{"line":100,"column":16},"end":{"line":100,"column":42}}]},"40":{"type":"branch","line":100,"loc":{"start":{"line":100,"column":38},"end":{"line":100,"column":45}},"locations":[{"start":{"line":100,"column":38},"end":{"line":100,"column":45}}]},"41":{"type":"branch","line":102,"loc":{"start":{"line":102,"column":15},"end":{"line":105,"column":3}},"locations":[{"start":{"line":102,"column":15},"end":{"line":105,"column":3}}]},"42":{"type":"branch","line":103,"loc":{"start":{"line":103,"column":27},"end":{"line":103,"column":44}},"locations":[{"start":{"line":103,"column":27},"end":{"line":103,"column":44}}]},"43":{"type":"branch","line":104,"loc":{"start":{"line":104,"column":13},"end":{"line":104,"column":21}},"locations":[{"start":{"line":104,"column":13},"end":{"line":104,"column":21}}]}},"b":{"0":[8],"1":[8],"2":[9],"3":[15],"4":[0],"5":[10],"6":[1],"7":[9],"8":[8],"9":[8],"10":[1],"11":[4],"12":[4],"13":[5],"14":[4],"15":[0],"16":[4],"17":[1],"18":[0],"19":[5],"20":[4],"21":[1],"22":[7],"23":[7],"24":[9],"25":[12],"26":[0],"27":[9],"28":[7],"29":[57],"30":[44],"31":[8],"32":[7],"33":[52],"34":[1],"35":[4],"36":[4],"37":[4],"38":[19],"39":[17],"40":[2],"41":[26],"42":[0],"43":[0]},"fnMap":{"0":{"name":"Counter","decl":{"start":{"line":4,"column":2},"end":{"line":4,"column":121}},"loc":{"start":{"line":4,"column":2},"end":{"line":4,"column":121}},"line":4},"1":{"name":"<instance_members_initializer>","decl":{"start":{"line":5,"column":10},"end":{"line":5,"column":45}},"loc":{"start":{"line":5,"column":10},"end":{"line":5,"column":45}},"line":5},"2":{"name":"key","decl":{"start":{"line":6,"column":10},"end":{"line":9,"column":3}},"loc":{"start":{"line":6,"column":10},"end":{"line":9,"column":3}},"line":6},"3":{"name":"inc","decl":{"start":{"line":10,"column":2},"end":{"line":14,"column":3}},"loc":{"start":{"line":10,"column":2},"end":{"line":14,"column":3}},"line":10},"4":{"name":"snapshot","decl":{"start":{"line":15,"column":2},"end":{"line":22,"column":3}},"loc":{"start":{"line":15,"column":2},"end":{"line":22,"column":3}},"line":15},"5":{"name":"reset","decl":{"start":{"line":23,"column":2},"end":{"line":23,"column":34}},"loc":{"start":{"line":23,"column":2},"end":{"line":23,"column":34}},"line":23},"6":{"name":"Gauge","decl":{"start":{"line":27,"column":2},"end":{"line":27,"column":121}},"loc":{"start":{"line":27,"column":2},"end":{"line":27,"column":121}},"line":27},"7":{"name":"<instance_members_initializer>","decl":{"start":{"line":28,"column":10},"end":{"line":28,"column":45}},"loc":{"start":{"line":28,"column":10},"end":{"line":28,"column":45}},"line":28},"8":{"name":"key","decl":{"start":{"line":29,"column":10},"end":{"line":32,"column":3}},"loc":{"start":{"line":29,"column":10},"end":{"line":32,"column":3}},"line":29},"9":{"name":"set","decl":{"start":{"line":33,"column":2},"end":{"line":36,"column":3}},"loc":{"start":{"line":33,"column":2},"end":{"line":36,"column":3}},"line":33},"10":{"name":"add","decl":{"start":{"line":37,"column":2},"end":{"line":40,"column":3}},"loc":{"start":{"line":37,"column":2},"end":{"line":40,"column":3}},"line":37},"11":{"name":"snapshot","decl":{"start":{"line":41,"column":2},"end":{"line":48,"column":3}},"loc":{"start":{"line":41,"column":2},"end":{"line":48,"column":3}},"line":41},"12":{"name":"reset","decl":{"start":{"line":49,"column":2},"end":{"line":49,"column":34}},"loc":{"start":{"line":49,"column":2},"end":{"line":49,"column":34}},"line":49},"13":{"name":"Histogram","decl":{"start":{"line":54,"column":2},"end":{"line":61,"column":3}},"loc":{"start":{"line":54,"column":2},"end":{"line":61,"column":3}},"line":54},"14":{"name":"<instance_members_initializer>","decl":{"start":{"line":61,"column":2},"end":{"line":62,"column":87}},"loc":{"start":{"line":61,"column":2},"end":{"line":62,"column":87}},"line":61},"15":{"name":"key","decl":{"start":{"line":63,"column":10},"end":{"line":66,"column":3}},"loc":{"start":{"line":63,"column":10},"end":{"line":66,"column":3}},"line":63},"16":{"name":"observe","decl":{"start":{"line":67,"column":2},"end":{"line":75,"column":3}},"loc":{"start":{"line":67,"column":2},"end":{"line":75,"column":3}},"line":67},"17":{"name":"snapshot","decl":{"start":{"line":76,"column":2},"end":{"line":84,"column":3}},"loc":{"start":{"line":76,"column":2},"end":{"line":84,"column":3}},"line":76},"18":{"name":"reset","decl":{"start":{"line":85,"column":2},"end":{"line":85,"column":34}},"loc":{"start":{"line":85,"column":2},"end":{"line":85,"column":34}},"line":85},"19":{"name":"Timer","decl":{"start":{"line":89,"column":2},"end":{"line":89,"column":52}},"loc":{"start":{"line":89,"column":2},"end":{"line":89,"column":52}},"line":89},"20":{"name":"start","decl":{"start":{"line":90,"column":2},"end":{"line":96,"column":3}},"loc":{"start":{"line":90,"column":2},"end":{"line":96,"column":3}},"line":90},"21":{"name":"decodeLabels","decl":{"start":{"line":99,"column":0},"end":{"line":107,"column":1}},"loc":{"start":{"line":99,"column":0},"end":{"line":107,"column":1}},"line":99}},"f":{"0":8,"1":8,"2":9,"3":10,"4":8,"5":1,"6":4,"7":4,"8":5,"9":4,"10":1,"11":5,"12":1,"13":7,"14":7,"15":9,"16":9,"17":8,"18":1,"19":4,"20":4,"21":19}}
,"C:\\Users\\marco\\dev\\eva-metering\\src\\core\\registry.ts": {"path":"C:\\Users\\marco\\dev\\eva-metering\\src\\core\\registry.ts","all":false,"statementMap":{"0":{"start":{"line":1,"column":0},"end":{"line":1,"column":47}},"5":{"start":{"line":6,"column":0},"end":{"line":6,"column":28}},"6":{"start":{"line":7,"column":0},"end":{"line":7,"column":48}},"7":{"start":{"line":8,"column":0},"end":{"line":8,"column":44}},"8":{"start":{"line":9,"column":0},"end":{"line":9,"column":52}},"9":{"start":{"line":10,"column":0},"end":{"line":10,"column":36}},"11":{"start":{"line":12,"column":0},"end":{"line":12,"column":59}},"12":{"start":{"line":13,"column":0},"end":{"line":13,"column":52}},"13":{"start":{"line":14,"column":0},"end":{"line":14,"column":31}},"14":{"start":{"line":15,"column":0},"end":{"line":15,"column":13}},"15":{"start":{"line":16,"column":0},"end":{"line":16,"column":3}},"16":{"start":{"line":17,"column":0},"end":{"line":17,"column":57}},"17":{"start":{"line":18,"column":0},"end":{"line":18,"column":50}},"18":{"start":{"line":19,"column":0},"end":{"line":19,"column":29}},"19":{"start":{"line":20,"column":0},"end":{"line":20,"column":13}},"20":{"start":{"line":21,"column":0},"end":{"line":21,"column":3}},"21":{"start":{"line":22,"column":0},"end":{"line":22,"column":81}},"22":{"start":{"line":23,"column":0},"end":{"line":23,"column":63}},"23":{"start":{"line":24,"column":0},"end":{"line":24,"column":33}},"24":{"start":{"line":25,"column":0},"end":{"line":25,"column":13}},"25":{"start":{"line":26,"column":0},"end":{"line":26,"column":3}},"26":{"start":{"line":27,"column":0},"end":{"line":27,"column":18}},"27":{"start":{"line":28,"column":0},"end":{"line":28,"column":48}},"28":{"start":{"line":29,"column":0},"end":{"line":29,"column":3}},"30":{"start":{"line":31,"column":0},"end":{"line":31,"column":31}},"31":{"start":{"line":32,"column":0},"end":{"line":32,"column":12}},"32":{"start":{"line":33,"column":0},"end":{"line":33,"column":80}},"33":{"start":{"line":34,"column":0},"end":{"line":34,"column":76}},"34":{"start":{"line":35,"column":0},"end":{"line":35,"column":83}},"35":{"start":{"line":36,"column":0},"end":{"line":36,"column":6}},"36":{"start":{"line":37,"column":0},"end":{"line":37,"column":3}},"37":{"start":{"line":38,"column":0},"end":{"line":38,"column":11}},"38":{"start":{"line":39,"column":0},"end":{"line":39,"column":44}},"39":{"start":{"line":40,"column":0},"end":{"line":40,"column":42}},"40":{"start":{"line":41,"column":0},"end":{"line":41,"column":46}},"41":{"start":{"line":42,"column":0},"end":{"line":42,"column":3}},"42":{"start":{"line":43,"column":0},"end":{"line":43,"column":1}}},"s":{"0":1,"5":1,"6":1,"7":11,"8":11,"9":11,"11":1,"12":6,"13":6,"14":6,"15":6,"16":1,"17":3,"18":3,"19":3,"20":3,"21":1,"22":6,"23":6,"24":6,"25":6,"26":1,"27":3,"28":3,"30":1,"31":12,"32":12,"33":12,"34":12,"35":12,"36":12,"37":1,"38":1,"39":1,"40":1,"41":1,"42":1},"branchMap":{"0":{"type":"branch","line":7,"loc":{"start":{"line":7,"column":10},"end":{"line":10,"column":36}},"locations":[{"start":{"line":7,"column":10},"end":{"line":10,"column":36}}]},"1":{"type":"branch","line":12,"loc":{"start":{"line":12,"column":2},"end":{"line":16,"column":3}},"locations":[{"start":{"line":12,"column":2},"end":{"line":16,"column":3}}]},"2":{"type":"branch","line":13,"loc":{"start":{"line":13,"column":38},"end":{"line":13,"column":50}},"locations":[{"start":{"line":13,"column":38},"end":{"line":13,"column":50}}]},"3":{"type":"branch","line":17,"loc":{"start":{"line":17,"column":2},"end":{"line":21,"column":3}},"locations":[{"start":{"line":17,"column":2},"end":{"line":21,"column":3}}]},"4":{"type":"branch","line":18,"loc":{"start":{"line":18,"column":36},"end":{"line":18,"column":48}},"locations":[{"start":{"line":18,"column":36},"end":{"line":18,"column":48}}]},"5":{"type":"branch","line":22,"loc":{"start":{"line":22,"column":2},"end":{"line":26,"column":3}},"locations":[{"start":{"line":22,"column":2},"end":{"line":26,"column":3}}]},"6":{"type":"branch","line":23,"loc":{"start":{"line":23,"column":49},"end":{"line":23,"column":61}},"locations":[{"start":{"line":23,"column":49},"end":{"line":23,"column":61}}]},"7":{"type":"branch","line":27,"loc":{"start":{"line":27,"column":2},"end":{"line":29,"column":3}},"locations":[{"start":{"line":27,"column":2},"end":{"line":29,"column":3}}]},"8":{"type":"branch","line":28,"loc":{"start":{"line":28,"column":21},"end":{"line":28,"column":46}},"locations":[{"start":{"line":28,"column":21},"end":{"line":28,"column":46}}]},"9":{"type":"branch","line":31,"loc":{"start":{"line":31,"column":2},"end":{"line":37,"column":3}},"locations":[{"start":{"line":31,"column":2},"end":{"line":37,"column":3}}]},"10":{"type":"branch","line":33,"loc":{"start":{"line":33,"column":59},"end":{"line":33,"column":78}},"locations":[{"start":{"line":33,"column":59},"end":{"line":33,"column":78}}]},"11":{"type":"branch","line":34,"loc":{"start":{"line":34,"column":55},"end":{"line":34,"column":74}},"locations":[{"start":{"line":34,"column":55},"end":{"line":34,"column":74}}]},"12":{"type":"branch","line":35,"loc":{"start":{"line":35,"column":63},"end":{"line":35,"column":82}},"locations":[{"start":{"line":35,"column":63},"end":{"line":35,"column":82}}]},"13":{"type":"branch","line":38,"loc":{"start":{"line":38,"column":2},"end":{"line":42,"column":3}},"locations":[{"start":{"line":38,"column":2},"end":{"line":42,"column":3}}]},"14":{"type":"branch","line":39,"loc":{"start":{"line":39,"column":26},"end":{"line":39,"column":42}},"locations":[{"start":{"line":39,"column":26},"end":{"line":39,"column":42}}]},"15":{"type":"branch","line":40,"loc":{"start":{"line":40,"column":24},"end":{"line":40,"column":40}},"locations":[{"start":{"line":40,"column":24},"end":{"line":40,"column":40}}]},"16":{"type":"branch","line":41,"loc":{"start":{"line":41,"column":28},"end":{"line":41,"column":44}},"locations":[{"start":{"line":41,"column":28},"end":{"line":41,"column":44}}]}},"b":{"0":[11],"1":[6],"2":[0],"3":[3],"4":[1],"5":[6],"6":[1],"7":[3],"8":[6],"9":[12],"10":[7],"11":[4],"12":[7],"13":[1],"14":[1],"15":[1],"16":[1]},"fnMap":{"0":{"name":"<instance_members_initializer>","decl":{"start":{"line":7,"column":10},"end":{"line":10,"column":36}},"loc":{"start":{"line":7,"column":10},"end":{"line":10,"column":36}},"line":7},"1":{"name":"counter","decl":{"start":{"line":12,"column":2},"end":{"line":16,"column":3}},"loc":{"start":{"line":12,"column":2},"end":{"line":16,"column":3}},"line":12},"2":{"name":"gauge","decl":{"start":{"line":17,"column":2},"end":{"line":21,"column":3}},"loc":{"start":{"line":17,"column":2},"end":{"line":21,"column":3}},"line":17},"3":{"name":"histogram","decl":{"start":{"line":22,"column":2},"end":{"line":26,"column":3}},"loc":{"start":{"line":22,"column":2},"end":{"line":26,"column":3}},"line":22},"4":{"name":"timer","decl":{"start":{"line":27,"column":2},"end":{"line":29,"column":3}},"loc":{"start":{"line":27,"column":2},"end":{"line":29,"column":3}},"line":27},"5":{"name":"snapshot","decl":{"start":{"line":31,"column":2},"end":{"line":37,"column":3}},"loc":{"start":{"line":31,"column":2},"end":{"line":37,"column":3}},"line":31},"6":{"name":"reset","decl":{"start":{"line":38,"column":2},"end":{"line":42,"column":3}},"loc":{"start":{"line":38,"column":2},"end":{"line":42,"column":3}},"line":38}},"f":{"0":11,"1":6,"2":3,"3":6,"4":3,"5":12,"6":1}}
,"C:\\Users\\marco\\dev\\eva-metering\\src\\examples\\minimal.ts": {"path":"C:\\Users\\marco\\dev\\eva-metering\\src\\examples\\minimal.ts","all":true,"statementMap":{"0":{"start":{"line":1,"column":0},"end":{"line":1,"column":52}},"1":{"start":{"line":2,"column":0},"end":{"line":2,"column":60}},"2":{"start":{"line":3,"column":0},"end":{"line":3,"column":65}},"4":{"start":{"line":5,"column":0},"end":{"line":5,"column":23}},"5":{"start":{"line":6,"column":0},"end":{"line":6,"column":36}},"6":{"start":{"line":7,"column":0},"end":{"line":7,"column":68}},"7":{"start":{"line":8,"column":0},"end":{"line":8,"column":27}},"8":{"start":{"line":9,"column":0},"end":{"line":9,"column":65}},"9":{"start":{"line":10,"column":0},"end":{"line":10,"column":36}},"10":{"start":{"line":11,"column":0},"end":{"line":11,"column":46}},"11":{"start":{"line":12,"column":0},"end":{"line":12,"column":35}},"13":{"start":{"line":14,"column":0},"end":{"line":14,"column":109}},"15":{"start":{"line":16,"column":0},"end":{"line":16,"column":27}},"17":{"start":{"line":18,"column":0},"end":{"line":18,"column":48}},"18":{"start":{"line":19,"column":0},"end":{"line":19,"column":1}},"19":{"start":{"line":20,"column":0},"end":{"line":20,"column":12}}},"s":{"0":0,"1":0,"2":0,"4":0,"5":0,"6":0,"7":0,"8":0,"9":0,"10":0,"11":0,"13":0,"15":0,"17":0,"18":0,"19":0},"branchMap":{"0":{"type":"branch","line":1,"loc":{"start":{"line":1,"column":0},"end":{"line":20,"column":-232}},"locations":[{"start":{"line":1,"column":0},"end":{"line":20,"column":-232}}]}},"b":{"0":[0]},"fnMap":{"0":{"name":"(empty-report)","decl":{"start":{"line":1,"column":0},"end":{"line":20,"column":-232}},"loc":{"start":{"line":1,"column":0},"end":{"line":20,"column":-232}},"line":1}},"f":{"0":0}}
,"C:\\Users\\marco\\dev\\eva-metering\\src\\exporters\\inmemory.ts": {"path":"C:\\Users\\marco\\dev\\eva-metering\\src\\exporters\\inmemory.ts","all":true,"statementMap":{"2":{"start":{"line":3,"column":0},"end":{"line":3,"column":68}},"3":{"start":{"line":4,"column":0},"end":{"line":4,"column":39}},"4":{"start":{"line":5,"column":0},"end":{"line":5,"column":1}}},"s":{"2":0,"3":0,"4":0},"branchMap":{"0":{"type":"branch","line":1,"loc":{"start":{"line":1,"column":163},"end":{"line":5,"column":1}},"locations":[{"start":{"line":1,"column":163},"end":{"line":5,"column":1}}]}},"b":{"0":[1]},"fnMap":{"0":{"name":"(empty-report)","decl":{"start":{"line":1,"column":163},"end":{"line":5,"column":1}},"loc":{"start":{"line":1,"column":163},"end":{"line":5,"column":1}},"line":1}},"f":{"0":1}}
,"C:\\Users\\marco\\dev\\eva-metering\\src\\exporters\\jsonl.ts": {"path":"C:\\Users\\marco\\dev\\eva-metering\\src\\exporters\\jsonl.ts","all":false,"statementMap":{"3":{"start":{"line":4,"column":0},"end":{"line":4,"column":73}},"4":{"start":{"line":5,"column":0},"end":{"line":5,"column":93}},"5":{"start":{"line":6,"column":0},"end":{"line":6,"column":89}},"6":{"start":{"line":7,"column":0},"end":{"line":7,"column":97}},"7":{"start":{"line":8,"column":0},"end":{"line":8,"column":1}}},"s":{"3":1,"4":2,"5":2,"6":2,"7":2},"branchMap":{"0":{"type":"branch","line":4,"loc":{"start":{"line":4,"column":7},"end":{"line":8,"column":1}},"locations":[{"start":{"line":4,"column":7},"end":{"line":8,"column":1}}]},"1":{"type":"branch","line":5,"loc":{"start":{"line":5,"column":33},"end":{"line":5,"column":93}},"locations":[{"start":{"line":5,"column":33},"end":{"line":5,"column":93}}]},"2":{"type":"branch","line":6,"loc":{"start":{"line":6,"column":31},"end":{"line":6,"column":89}},"locations":[{"start":{"line":6,"column":31},"end":{"line":6,"column":89}}]},"3":{"type":"branch","line":7,"loc":{"start":{"line":7,"column":35},"end":{"line":7,"column":97}},"locations":[{"start":{"line":7,"column":35},"end":{"line":7,"column":97}}]}},"b":{"0":[2],"1":[0],"2":[1],"3":[1]},"fnMap":{"0":{"name":"exportJSONL","decl":{"start":{"line":4,"column":7},"end":{"line":8,"column":1}},"loc":{"start":{"line":4,"column":7},"end":{"line":8,"column":1}},"line":4}},"f":{"0":2}}
,"C:\\Users\\marco\\dev\\eva-metering\\src\\exporters\\prometheus.ts": {"path":"C:\\Users\\marco\\dev\\eva-metering\\src\\exporters\\prometheus.ts","all":false,"statementMap":{"2":{"start":{"line":3,"column":0},"end":{"line":3,"column":35}},"4":{"start":{"line":5,"column":0},"end":{"line":5,"column":77}},"5":{"start":{"line":6,"column":0},"end":{"line":6,"column":1}},"7":{"start":{"line":8,"column":0},"end":{"line":8,"column":63}},"8":{"start":{"line":9,"column":0},"end":{"line":9,"column":29}},"10":{"start":{"line":11,"column":0},"end":{"line":11,"column":46}},"11":{"start":{"line":12,"column":0},"end":{"line":12,"column":39}},"12":{"start":{"line":13,"column":0},"end":{"line":13,"column":66}},"13":{"start":{"line":14,"column":0},"end":{"line":14,"column":41}},"14":{"start":{"line":15,"column":0},"end":{"line":15,"column":75}},"15":{"start":{"line":16,"column":0},"end":{"line":16,"column":3}},"17":{"start":{"line":18,"column":0},"end":{"line":18,"column":44}},"18":{"start":{"line":19,"column":0},"end":{"line":19,"column":39}},"19":{"start":{"line":20,"column":0},"end":{"line":20,"column":66}},"20":{"start":{"line":21,"column":0},"end":{"line":21,"column":39}},"21":{"start":{"line":22,"column":0},"end":{"line":22,"column":75}},"22":{"start":{"line":23,"column":0},"end":{"line":23,"column":3}},"24":{"start":{"line":25,"column":0},"end":{"line":25,"column":48}},"25":{"start":{"line":26,"column":0},"end":{"line":26,"column":39}},"26":{"start":{"line":27,"column":0},"end":{"line":27,"column":66}},"27":{"start":{"line":28,"column":0},"end":{"line":28,"column":43}},"28":{"start":{"line":29,"column":0},"end":{"line":29,"column":26}},"29":{"start":{"line":30,"column":0},"end":{"line":30,"column":34}},"30":{"start":{"line":31,"column":0},"end":{"line":31,"column":95}},"31":{"start":{"line":32,"column":0},"end":{"line":32,"column":7}},"32":{"start":{"line":33,"column":0},"end":{"line":33,"column":67}},"33":{"start":{"line":34,"column":0},"end":{"line":34,"column":63}},"34":{"start":{"line":35,"column":0},"end":{"line":35,"column":5}},"35":{"start":{"line":36,"column":0},"end":{"line":36,"column":3}},"36":{"start":{"line":37,"column":0},"end":{"line":37,"column":33}},"37":{"start":{"line":38,"column":0},"end":{"line":38,"column":1}},"39":{"start":{"line":40,"column":0},"end":{"line":40,"column":92}},"40":{"start":{"line":41,"column":0},"end":{"line":41,"column":35}},"41":{"start":{"line":42,"column":0},"end":{"line":42,"column":51}},"42":{"start":{"line":43,"column":0},"end":{"line":43,"column":85}},"43":{"start":{"line":44,"column":0},"end":{"line":44,"column":37}},"44":{"start":{"line":45,"column":0},"end":{"line":45,"column":1}},"46":{"start":{"line":47,"column":0},"end":{"line":47,"column":78}},"47":{"start":{"line":48,"column":0},"end":{"line":48,"column":35}},"48":{"start":{"line":49,"column":0},"end":{"line":49,"column":24}},"49":{"start":{"line":50,"column":0},"end":{"line":50,"column":37}},"50":{"start":{"line":51,"column":0},"end":{"line":51,"column":17}},"51":{"start":{"line":52,"column":0},"end":{"line":52,"column":24}},"52":{"start":{"line":53,"column":0},"end":{"line":53,"column":3}},"53":{"start":{"line":54,"column":0},"end":{"line":54,"column":11}},"54":{"start":{"line":55,"column":0},"end":{"line":55,"column":1}}},"s":{"2":10,"4":10,"5":10,"7":1,"8":4,"10":4,"11":4,"12":2,"13":2,"14":2,"15":2,"17":4,"18":4,"19":1,"20":1,"21":1,"22":1,"24":4,"25":4,"26":1,"27":1,"28":1,"29":1,"30":3,"31":3,"32":1,"33":1,"34":1,"35":1,"36":4,"37":4,"39":8,"40":8,"41":8,"42":7,"43":7,"44":7,"46":12,"47":12,"48":12,"49":4,"50":4,"51":4,"52":4,"53":12,"54":12},"branchMap":{"0":{"type":"branch","line":3,"loc":{"start":{"line":3,"column":0},"end":{"line":6,"column":1}},"locations":[{"start":{"line":3,"column":0},"end":{"line":6,"column":1}}]},"1":{"type":"branch","line":8,"loc":{"start":{"line":8,"column":7},"end":{"line":38,"column":1}},"locations":[{"start":{"line":8,"column":7},"end":{"line":38,"column":1}}]},"2":{"type":"branch","line":12,"loc":{"start":{"line":12,"column":38},"end":{"line":16,"column":3}},"locations":[{"start":{"line":12,"column":38},"end":{"line":16,"column":3}}]},"3":{"type":"branch","line":19,"loc":{"start":{"line":19,"column":38},"end":{"line":23,"column":3}},"locations":[{"start":{"line":19,"column":38},"end":{"line":23,"column":3}}]},"4":{"type":"branch","line":26,"loc":{"start":{"line":26,"column":38},"end":{"line":36,"column":3}},"locations":[{"start":{"line":26,"column":38},"end":{"line":36,"column":3}}]},"5":{"type":"branch","line":30,"loc":{"start":{"line":30,"column":33},"end":{"line":32,"column":7}},"locations":[{"start":{"line":30,"column":33},"end":{"line":32,"column":7}}]},"6":{"type":"branch","line":40,"loc":{"start":{"line":40,"column":0},"end":{"line":45,"column":1}},"locations":[{"start":{"line":40,"column":0},"end":{"line":45,"column":1}}]},"7":{"type":"branch","line":42,"loc":{"start":{"line":42,"column":25},"end":{"line":42,"column":51}},"locations":[{"start":{"line":42,"column":25},"end":{"line":42,"column":51}}]},"8":{"type":"branch","line":42,"loc":{"start":{"line":42,"column":48},"end":{"line":45,"column":1}},"locations":[{"start":{"line":42,"column":48},"end":{"line":45,"column":1}}]},"9":{"type":"branch","line":43,"loc":{"start":{"line":43,"column":24},"end":{"line":43,"column":73}},"locations":[{"start":{"line":43,"column":24},"end":{"line":43,"column":73}}]},"10":{"type":"branch","line":43,"loc":{"start":{"line":43,"column":62},"end":{"line":43,"column":69}},"locations":[{"start":{"line":43,"column":62},"end":{"line":43,"column":69}}]},"11":{"type":"branch","line":47,"loc":{"start":{"line":47,"column":0},"end":{"line":55,"column":1}},"locations":[{"start":{"line":47,"column":0},"end":{"line":55,"column":1}}]},"12":{"type":"branch","line":49,"loc":{"start":{"line":49,"column":23},"end":{"line":53,"column":3}},"locations":[{"start":{"line":49,"column":23},"end":{"line":53,"column":3}}]}},"b":{"0":[10],"1":[4],"2":[2],"3":[1],"4":[1],"5":[3],"6":[8],"7":[1],"8":[7],"9":[10],"10":[0],"11":[12],"12":[4]},"fnMap":{"0":{"name":"escLabelValue","decl":{"start":{"line":3,"column":0},"end":{"line":6,"column":1}},"loc":{"start":{"line":3,"column":0},"end":{"line":6,"column":1}},"line":3},"1":{"name":"prometheusText","decl":{"start":{"line":8,"column":7},"end":{"line":38,"column":1}},"loc":{"start":{"line":8,"column":7},"end":{"line":38,"column":1}},"line":8},"2":{"name":"formatSample","decl":{"start":{"line":40,"column":0},"end":{"line":45,"column":1}},"loc":{"start":{"line":40,"column":0},"end":{"line":45,"column":1}},"line":40},"3":{"name":"groupByName","decl":{"start":{"line":47,"column":0},"end":{"line":55,"column":1}},"loc":{"start":{"line":47,"column":0},"end":{"line":55,"column":1}},"line":47}},"f":{"0":10,"1":4,"2":8,"3":12}}
,"C:\\Users\\marco\\dev\\eva-metering\\src\\instrumentation\\http.ts": {"path":"C:\\Users\\marco\\dev\\eva-metering\\src\\instrumentation\\http.ts","all":false,"statementMap":{"3":{"start":{"line":4,"column":0},"end":{"line":4,"column":51}},"4":{"start":{"line":5,"column":0},"end":{"line":5,"column":97}},"5":{"start":{"line":6,"column":0},"end":{"line":6,"column":124}},"7":{"start":{"line":8,"column":0},"end":{"line":8,"column":130}},"8":{"start":{"line":9,"column":0},"end":{"line":9,"column":55}},"9":{"start":{"line":10,"column":0},"end":{"line":10,"column":38}},"10":{"start":{"line":11,"column":0},"end":{"line":11,"column":19}},"11":{"start":{"line":12,"column":0},"end":{"line":12,"column":9}},"12":{"start":{"line":13,"column":0},"end":{"line":13,"column":22}},"13":{"start":{"line":14,"column":0},"end":{"line":14,"column":35}},"14":{"start":{"line":15,"column":0},"end":{"line":15,"column":17}},"15":{"start":{"line":16,"column":0},"end":{"line":16,"column":17}},"16":{"start":{"line":17,"column":0},"end":{"line":17,"column":14}},"17":{"start":{"line":18,"column":0},"end":{"line":18,"column":15}},"18":{"start":{"line":19,"column":0},"end":{"line":19,"column":29}},"19":{"start":{"line":20,"column":0},"end":{"line":20,"column":56}},"20":{"start":{"line":21,"column":0},"end":{"line":21,"column":66}},"21":{"start":{"line":22,"column":0},"end":{"line":22,"column":5}},"22":{"start":{"line":23,"column":0},"end":{"line":23,"column":4}},"23":{"start":{"line":24,"column":0},"end":{"line":24,"column":1}}},"s":{"3":1,"4":2,"5":2,"7":2,"8":2,"9":2,"10":2,"11":2,"12":2,"13":2,"14":2,"15":1,"16":1,"17":2,"18":2,"19":2,"20":2,"21":2,"22":2,"23":2},"branchMap":{"0":{"type":"branch","line":4,"loc":{"start":{"line":4,"column":7},"end":{"line":24,"column":1}},"locations":[{"start":{"line":4,"column":7},"end":{"line":24,"column":1}}]},"1":{"type":"branch","line":8,"loc":{"start":{"line":8,"column":9},"end":{"line":23,"column":4}},"locations":[{"start":{"line":8,"column":9},"end":{"line":23,"column":4}}]},"2":{"type":"branch","line":9,"loc":{"start":{"line":9,"column":24},"end":{"line":9,"column":41}},"locations":[{"start":{"line":9,"column":24},"end":{"line":9,"column":41}}]},"3":{"type":"branch","line":13,"loc":{"start":{"line":13,"column":20},"end":{"line":14,"column":31}},"locations":[{"start":{"line":13,"column":20},"end":{"line":14,"column":31}}]},"4":{"type":"branch","line":14,"loc":{"start":{"line":14,"column":17},"end":{"line":14,"column":35}},"locations":[{"start":{"line":14,"column":17},"end":{"line":14,"column":35}}]},"5":{"type":"branch","line":15,"loc":{"start":{"line":15,"column":4},"end":{"line":18,"column":6}},"locations":[{"start":{"line":15,"column":4},"end":{"line":18,"column":6}}]}},"b":{"0":[2],"1":[2],"2":[0],"3":[1],"4":[0],"5":[1]},"fnMap":{"0":{"name":"httpMetrics","decl":{"start":{"line":4,"column":7},"end":{"line":24,"column":1}},"loc":{"start":{"line":4,"column":7},"end":{"line":24,"column":1}},"line":4},"1":{"name":"instrument","decl":{"start":{"line":8,"column":9},"end":{"line":23,"column":4}},"loc":{"start":{"line":8,"column":9},"end":{"line":23,"column":4}},"line":8}},"f":{"0":2,"1":2}}
,"C:\\Users\\marco\\dev\\eva-metering\\src\\instrumentation\\timer.ts": {"path":"C:\\Users\\marco\\dev\\eva-metering\\src\\instrumentation\\timer.ts","all":false,"statementMap":{"2":{"start":{"line":3,"column":0},"end":{"line":3,"column":41}},"3":{"start":{"line":4,"column":0},"end":{"line":4,"column":26}},"4":{"start":{"line":5,"column":0},"end":{"line":5,"column":15}},"5":{"start":{"line":6,"column":0},"end":{"line":6,"column":33}},"6":{"start":{"line":7,"column":0},"end":{"line":7,"column":22}},"7":{"start":{"line":8,"column":0},"end":{"line":8,"column":15}},"8":{"start":{"line":9,"column":0},"end":{"line":9,"column":33}},"9":{"start":{"line":10,"column":0},"end":{"line":10,"column":29}},"10":{"start":{"line":11,"column":0},"end":{"line":11,"column":7}},"11":{"start":{"line":12,"column":0},"end":{"line":12,"column":30}},"12":{"start":{"line":13,"column":0},"end":{"line":13,"column":34}},"13":{"start":{"line":14,"column":0},"end":{"line":14,"column":55}},"14":{"start":{"line":15,"column":0},"end":{"line":15,"column":18}},"15":{"start":{"line":16,"column":0},"end":{"line":16,"column":17}},"16":{"start":{"line":17,"column":0},"end":{"line":17,"column":34}},"17":{"start":{"line":18,"column":0},"end":{"line":18,"column":55}},"18":{"start":{"line":19,"column":0},"end":{"line":19,"column":14}},"19":{"start":{"line":20,"column":0},"end":{"line":20,"column":3}},"20":{"start":{"line":21,"column":0},"end":{"line":21,"column":1}}},"s":{"2":1,"3":1,"4":1,"5":1,"6":1,"7":1,"8":1,"9":1,"10":1,"11":1,"12":1,"13":1,"14":1,"15":1,"16":0,"17":0,"18":0,"19":0,"20":1},"branchMap":{"0":{"type":"branch","line":3,"loc":{"start":{"line":3,"column":0},"end":{"line":21,"column":1}},"locations":[{"start":{"line":3,"column":0},"end":{"line":21,"column":1}}]},"1":{"type":"branch","line":16,"loc":{"start":{"line":16,"column":2},"end":{"line":20,"column":3}},"locations":[{"start":{"line":16,"column":2},"end":{"line":20,"column":3}}]}},"b":{"0":[1],"1":[0]},"fnMap":{"0":{"name":"timeToHistogram","decl":{"start":{"line":3,"column":0},"end":{"line":21,"column":1}},"loc":{"start":{"line":3,"column":0},"end":{"line":21,"column":1}},"line":3}},"f":{"0":1}}
,"C:\\Users\\marco\\dev\\eva-metering\\src\\llm\\cost.ts": {"path":"C:\\Users\\marco\\dev\\eva-metering\\src\\llm\\cost.ts","all":false,"statementMap":{"4":{"start":{"line":5,"column":0},"end":{"line":5,"column":43}},"5":{"start":{"line":6,"column":0},"end":{"line":6,"column":56}},"6":{"start":{"line":7,"column":0},"end":{"line":7,"column":60}},"7":{"start":{"line":8,"column":0},"end":{"line":8,"column":2}},"9":{"start":{"line":10,"column":0},"end":{"line":10,"column":32}},"10":{"start":{"line":11,"column":0},"end":{"line":11,"column":77}},"11":{"start":{"line":12,"column":0},"end":{"line":12,"column":37}},"12":{"start":{"line":13,"column":0},"end":{"line":13,"column":11}},"13":{"start":{"line":14,"column":0},"end":{"line":14,"column":32}},"14":{"start":{"line":15,"column":0},"end":{"line":15,"column":19}},"15":{"start":{"line":16,"column":0},"end":{"line":16,"column":37}},"16":{"start":{"line":17,"column":0},"end":{"line":17,"column":41}},"17":{"start":{"line":18,"column":0},"end":{"line":18,"column":79}},"18":{"start":{"line":19,"column":0},"end":{"line":19,"column":1}},"20":{"start":{"line":21,"column":0},"end":{"line":21,"column":28}},"21":{"start":{"line":22,"column":0},"end":{"line":22,"column":35}},"22":{"start":{"line":23,"column":0},"end":{"line":23,"column":1}}},"s":{"4":1,"5":1,"6":1,"7":1,"9":1,"10":3,"11":3,"12":3,"13":3,"14":3,"15":3,"16":3,"17":3,"18":3,"20":2,"21":2,"22":2},"branchMap":{"0":{"type":"branch","line":10,"loc":{"start":{"line":10,"column":7},"end":{"line":19,"column":1}},"locations":[{"start":{"line":10,"column":7},"end":{"line":19,"column":1}}]},"1":{"type":"branch","line":15,"loc":{"start":{"line":15,"column":10},"end":{"line":16,"column":35}},"locations":[{"start":{"line":15,"column":10},"end":{"line":16,"column":35}}]},"2":{"type":"branch","line":15,"loc":{"start":{"line":15,"column":10},"end":{"line":15,"column":19}},"locations":[{"start":{"line":15,"column":10},"end":{"line":15,"column":19}}]},"3":{"type":"branch","line":16,"loc":{"start":{"line":16,"column":19},"end":{"line":16,"column":37}},"locations":[{"start":{"line":16,"column":19},"end":{"line":16,"column":37}}]},"4":{"type":"branch","line":17,"loc":{"start":{"line":17,"column":19},"end":{"line":17,"column":41}},"locations":[{"start":{"line":17,"column":19},"end":{"line":17,"column":41}}]},"5":{"type":"branch","line":21,"loc":{"start":{"line":21,"column":0},"end":{"line":23,"column":1}},"locations":[{"start":{"line":21,"column":0},"end":{"line":23,"column":1}}]}},"b":{"0":[3],"1":[2],"2":[1],"3":[0],"4":[0],"5":[2]},"fnMap":{"0":{"name":"costOfTokensUSD","decl":{"start":{"line":10,"column":7},"end":{"line":19,"column":1}},"loc":{"start":{"line":10,"column":7},"end":{"line":19,"column":1}},"line":10},"1":{"name":"round2","decl":{"start":{"line":21,"column":0},"end":{"line":23,"column":1}},"loc":{"start":{"line":21,"column":0},"end":{"line":23,"column":1}},"line":21}},"f":{"0":3,"1":2}}
,"C:\\Users\\marco\\dev\\eva-metering\\src\\util\\clock.ts": {"path":"C:\\Users\\marco\\dev\\eva-metering\\src\\util\\clock.ts","all":false,"statementMap":{"0":{"start":{"line":1,"column":0},"end":{"line":1,"column":26}},"1":{"start":{"line":2,"column":0},"end":{"line":2,"column":20}},"2":{"start":{"line":3,"column":0},"end":{"line":3,"column":64}},"3":{"start":{"line":4,"column":0},"end":{"line":4,"column":31}},"4":{"start":{"line":5,"column":0},"end":{"line":5,"column":5}},"6":{"start":{"line":7,"column":0},"end":{"line":7,"column":41}},"7":{"start":{"line":8,"column":0},"end":{"line":8,"column":35}},"8":{"start":{"line":9,"column":0},"end":{"line":9,"column":3}},"9":{"start":{"line":10,"column":0},"end":{"line":10,"column":1}}},"s":{"0":1,"1":1,"2":6,"3":6,"4":6,"6":0,"7":0,"8":6,"9":1},"branchMap":{"0":{"type":"branch","line":2,"loc":{"start":{"line":2,"column":2},"end":{"line":9,"column":3}},"locations":[{"start":{"line":2,"column":2},"end":{"line":9,"column":3}}]},"1":{"type":"branch","line":5,"loc":{"start":{"line":5,"column":4},"end":{"line":8,"column":35}},"locations":[{"start":{"line":5,"column":4},"end":{"line":8,"column":35}}]}},"b":{"0":[6],"1":[0]},"fnMap":{"0":{"name":"hrtime","decl":{"start":{"line":2,"column":2},"end":{"line":9,"column":3}},"loc":{"start":{"line":2,"column":2},"end":{"line":9,"column":3}},"line":2}},"f":{"0":6}}
}
